<?xml version="1.0" encoding="UTF-8"?>
<beans xmlns="http://www.springframework.org/schema/beans"
       xmlns:xsi="http://www.w3.org/2001/XMLSchema-instance"
       xmlns:jdbc="http://www.springframework.org/schema/jdbc"
       xsi:schemaLocation="http://www.springframework.org/schema/beans  http://www.springframework.org/schema/beans/spring-beans-3.0.xsd             http://www.springframework.org/schema/jdbc http://www.springframework.org/schema/jdbc/spring-jdbc.xsd">


    <!-- <jdbc:embedded-database type="H2" id="dataSource">
         <jdbc:script location="classpath:db.sql"/>
         <jdbc:script location="classpath:data.sql"/>
     </jdbc:embedded-database>-->

      <bean id="dataSource" class="org.apache.commons.dbcp.BasicDataSource">
          <property name="driverClassName" value="org.hsqldb.jdbcDriver"/>
          <property name="url" value="jdbc:hsqldb:file:C:/temp/testdb"/>
          <property name="username" value="sa"/>
          <property name="password" value=""/>
      </bean>
</beans>