<?xml version="1.0" encoding="UTF-8"?>
<beans xmlns="http://www.springframework.org/schema/beans"
       xmlns:xsi="http://www.w3.org/2001/XMLSchema-instance"
       xmlns:context="http://www.springframework.org/schema/context"
       xmlns:tx="http://www.springframework.org/schema/tx" xmlns:p="http://www.springframework.org/schema/p"
       xmlns:aop="http://www.springframework.org/schema/aop" xmlns:jdbc="http://www.springframework.org/schema/jdbc"
       xsi:schemaLocation="http://www.springframework.org/schema/beans  http://www.springframework.org/schema/beans/spring-beans-3.0.xsd  http://www.springframework.org/schema/context  http://www.springframework.org/schema/context/spring-context-3.0.xsd  http://www.springframework.org/schema/tx  http://www.springframework.org/schema/tx/spring-tx-3.0.xsd  http://www.springframework.org/schema/aop  http://www.springframework.org/schema/aop/spring-aop-3.0.xsd http://www.springframework.org/schema/jdbc http://www.springframework.org/schema/jdbc/spring-jdbc.xsd">

    <context:component-scan base-package="sk.th"/>
    
    <!--<import resource="test-applicationContext.xml"-->

 <!--   <jdbc:embedded-database type="HSQL" id="dataSource">
        <jdbc:script location="db.sql"/>
        <jdbc:script location="data.sql"/>
    </jdbc:embedded-database>-->

    <bean id="dataSource" class="org.apache.commons.dbcp.BasicDataSource">
        <property name="driverClassName" value="org.hsqldb.jdbcDriver"/>
        <property name="url" value="jdbc:hsqldb:file:C:/temp/testdb"/>
        <property name="username" value="sa"/>
        <property name="password" value=""/>
    </bean>

  <!--  <jdbc:initialize-database data-source="dataSource" enabled="true">
    <jdbc:script location="db.sql"/>
    <jdbc:script location="data.sql"/>
</jdbc:initialize-database>-->

</beans>